Arguments: 
  /Users/interbred-monkey/.nvm/versions/node/v9.4.0/bin/node /usr/local/Cellar/yarn/1.5.1/libexec/bin/yarn.js --global upgrade nodemon

PATH: 
  /Users/interbred-monkey/.nvm/versions/node/v9.4.0/bin:/usr/local/bin:/usr/bin:/bin:/usr/sbin:/sbin:/usr/local/share/dotnet:/Library/Frameworks/Mono.framework/Versions/Current/Commands

Yarn version: 
  1.5.1

Node version: 
  9.4.0

Platform: 
  darwin x64

npm manifest: 
  {
    "name": "twitch-chat",
    "description": "A chat client for twitch",
    "homepage": "https://github.com/interbred-monkey/twitch-chat",
    "bugs": {
      "url": "https://github.com/interbred-monkey/twitch-chat/issues"
    },
    "author": {
      "name": "Simon Mudd"
    },
    "version": "0.0.1",
    "licenses": [
      {
        "type": "BSC"
      }
    ],
    "main": "twitch_chat.js",
    "repository": {
      "type": "git",
      "url": "git://github.com/interbred-monkey/twitch-chat.git"
    },
    "dependencies": {
      "express": "4.12.4",
      "socket.io": "1.3.5",
      "twitch-irc": "1.2.7",
      "underscore": "1.8.3",
      "request": "2.58.0",
      "async": "1.2.1"
    },
    "readmeFilename": "README.md"
  }

yarn manifest: 
  No manifest

Lockfile: 
  No lockfile

Trace: 
  Error: No lockfile in this directory. Run `yarn install` to generate one.
      at new MessageError (/usr/local/Cellar/yarn/1.5.1/libexec/lib/cli.js:186:110)
      at /usr/local/Cellar/yarn/1.5.1/libexec/lib/cli.js:89389:13
      at <anonymous>
